c:\users\dynavideo\desktop\projects\jlibcpp\win32\win32\debug\win32.pch
c:\users\dynavideo\desktop\projects\jlibcpp\win32\win32\debug\vc120.pdb
c:\users\dynavideo\desktop\projects\jlibcpp\win32\win32\debug\stdafx.obj
c:\users\dynavideo\desktop\projects\jlibcpp\win32\win32\debug\jobservable.obj
c:\users\dynavideo\desktop\projects\jlibcpp\win32\win32\debug\jobject.obj
c:\users\dynavideo\desktop\projects\jlibcpp\win32\win32\debug\jnullpointerexception.obj
c:\users\dynavideo\desktop\projects\jlibcpp\win32\win32\debug\jnotownerexception.obj
c:\users\dynavideo\desktop\projects\jlibcpp\win32\win32\debug\jlistener.obj
c:\users\dynavideo\desktop\projects\jlibcpp\win32\win32\debug\jjson.obj
c:\users\dynavideo\desktop\projects\jlibcpp\win32\win32\debug\jinvalidargumentexception.obj
c:\users\dynavideo\desktop\projects\jlibcpp\win32\win32\debug\jillegalargumentexception.obj
c:\users\dynavideo\desktop\projects\jlibcpp\win32\win32\debug\jhttp.obj
c:\users\dynavideo\desktop\projects\jlibcpp\win32\win32\debug\jhtmlparser.obj
c:\users\dynavideo\desktop\projects\jlibcpp\win32\win32\debug\jgc.obj
c:\users\dynavideo\desktop\projects\jlibcpp\win32\win32\debug\jexception.obj
c:\users\dynavideo\desktop\projects\jlibcpp\win32\win32\debug\jeventobject.obj
c:\users\dynavideo\desktop\projects\jlibcpp\win32\win32\debug\jdynamiclink.obj
c:\users\dynavideo\desktop\projects\jlibcpp\win32\win32\debug\jdebug.obj
c:\users\dynavideo\desktop\projects\jlibcpp\win32\win32\debug\jdate.obj
c:\users\dynavideo\desktop\projects\jlibcpp\win32\win32\debug\jcommonlib.obj
c:\users\dynavideo\desktop\projects\jlibcpp\win32\win32\debug\jcharset.obj
c:\users\dynavideo\desktop\projects\jlibcpp\win32\win32\debug\jcalendar.obj
c:\users\dynavideo\desktop\projects\jlibcpp\win32\win32\debug\jbitstream.obj
c:\users\dynavideo\desktop\projects\jlibcpp\win32\win32\debug\jxmlparser.obj
c:\users\dynavideo\desktop\projects\jlibcpp\win32\win32\debug\jurlexception.obj
c:\users\dynavideo\desktop\projects\jlibcpp\win32\win32\debug\jurl.obj
c:\users\dynavideo\desktop\projects\jlibcpp\win32\win32\debug\junit.obj
c:\users\dynavideo\desktop\projects\jlibcpp\win32\win32\debug\jtypes.obj
c:\users\dynavideo\desktop\projects\jlibcpp\win32\win32\debug\jtimeoutexception.obj
c:\users\dynavideo\desktop\projects\jlibcpp\win32\win32\debug\jsystem.obj
c:\users\dynavideo\desktop\projects\jlibcpp\win32\win32\debug\jstringutils.obj
c:\users\dynavideo\desktop\projects\jlibcpp\win32\win32\debug\jstringtokenizer.obj
c:\users\dynavideo\desktop\projects\jlibcpp\win32\win32\debug\jruntimeexception.obj
c:\users\dynavideo\desktop\projects\jlibcpp\win32\win32\debug\jregexp.obj
c:\users\dynavideo\desktop\projects\jlibcpp\win32\win32\debug\jproperties.obj
c:\users\dynavideo\desktop\projects\jlibcpp\win32\win32\debug\jpolicies.obj
c:\users\dynavideo\desktop\projects\jlibcpp\win32\win32\debug\jpointer.obj
c:\users\dynavideo\desktop\projects\jlibcpp\win32\win32\debug\jparserexception.obj
c:\users\dynavideo\desktop\projects\jlibcpp\win32\win32\debug\jparammapper.obj
c:\users\dynavideo\desktop\projects\jlibcpp\win32\win32\debug\joutofmemoryexception.obj
c:\users\dynavideo\desktop\projects\jlibcpp\win32\win32\debug\joutofboundsexception.obj
c:\users\dynavideo\desktop\projects\jlibcpp\win32\win32\debug\joptions.obj
c:\users\dynavideo\desktop\projects\jlibcpp\win32\win32\debug\jobserver.obj
c:\users\dynavideo\desktop\projects\jlibcpp\win32\win32\debug\jcomponentevent.obj
c:\users\dynavideo\desktop\projects\jlibcpp\win32\win32\debug\jcomponent.obj
c:\users\dynavideo\desktop\projects\jlibcpp\win32\win32\debug\jcombobox.obj
c:\users\dynavideo\desktop\projects\jlibcpp\win32\win32\debug\jcolor.obj
c:\users\dynavideo\desktop\projects\jlibcpp\win32\win32\debug\jcheckbuttonlistener.obj
c:\users\dynavideo\desktop\projects\jlibcpp\win32\win32\debug\jcheckbuttongroup.obj
c:\users\dynavideo\desktop\projects\jlibcpp\win32\win32\debug\jcheckbuttonevent.obj
c:\users\dynavideo\desktop\projects\jlibcpp\win32\win32\debug\jcheckbutton.obj
c:\users\dynavideo\desktop\projects\jlibcpp\win32\win32\debug\jcardlayout.obj
c:\users\dynavideo\desktop\projects\jlibcpp\win32\win32\debug\jcanvas.obj
c:\users\dynavideo\desktop\projects\jlibcpp\win32\win32\debug\jcalendarlistener.obj
c:\users\dynavideo\desktop\projects\jlibcpp\win32\win32\debug\jcalendarevent.obj
c:\users\dynavideo\desktop\projects\jlibcpp\win32\win32\debug\jcalendardialogbox.obj
c:\users\dynavideo\desktop\projects\jlibcpp\win32\win32\debug\jbuttonlistener.obj
c:\users\dynavideo\desktop\projects\jlibcpp\win32\win32\debug\jbuttonevent.obj
c:\users\dynavideo\desktop\projects\jlibcpp\win32\win32\debug\jbutton.obj
c:\users\dynavideo\desktop\projects\jlibcpp\win32\win32\debug\jborderlayout.obj
c:\users\dynavideo\desktop\projects\jlibcpp\win32\win32\debug\janimation.obj
c:\users\dynavideo\desktop\projects\jlibcpp\win32\win32\debug\jadjustmentlistener.obj
c:\users\dynavideo\desktop\projects\jlibcpp\win32\win32\debug\jadjustmentevent.obj
c:\users\dynavideo\desktop\projects\jlibcpp\win32\win32\debug\jimageexception.obj
c:\users\dynavideo\desktop\projects\jlibcpp\win32\win32\debug\jimagebutton.obj
c:\users\dynavideo\desktop\projects\jlibcpp\win32\win32\debug\jimage.obj
c:\users\dynavideo\desktop\projects\jlibcpp\win32\win32\debug\jicon.obj
c:\users\dynavideo\desktop\projects\jlibcpp\win32\win32\debug\jguilib.obj
c:\users\dynavideo\desktop\projects\jlibcpp\win32\win32\debug\jgridlayout.obj
c:\users\dynavideo\desktop\projects\jlibcpp\win32\win32\debug\jgridbaglayout.obj
c:\users\dynavideo\desktop\projects\jlibcpp\win32\win32\debug\jgraphics.obj
c:\users\dynavideo\desktop\projects\jlibcpp\win32\win32\debug\jgfxhandler.obj
c:\users\dynavideo\desktop\projects\jlibcpp\win32\win32\debug\jframe.obj
c:\users\dynavideo\desktop\projects\jlibcpp\win32\win32\debug\jfont.obj
c:\users\dynavideo\desktop\projects\jlibcpp\win32\win32\debug\jfocuslistener.obj
c:\users\dynavideo\desktop\projects\jlibcpp\win32\win32\debug\jfocusevent.obj
c:\users\dynavideo\desktop\projects\jlibcpp\win32\win32\debug\jflowlayout.obj
c:\users\dynavideo\desktop\projects\jlibcpp\win32\win32\debug\jfilechooserdialogbox.obj
c:\users\dynavideo\desktop\projects\jlibcpp\win32\win32\debug\jcoordinatelayout.obj
c:\users\dynavideo\desktop\projects\jlibcpp\win32\win32\debug\jcontainerlistener.obj
c:\users\dynavideo\desktop\projects\jlibcpp\win32\win32\debug\jcontainerevent.obj
c:\users\dynavideo\desktop\projects\jlibcpp\win32\win32\debug\jcontainer.obj
c:\users\dynavideo\desktop\projects\jlibcpp\win32\win32\debug\jcomponentlistener.obj
c:\users\dynavideo\desktop\projects\jlibcpp\win32\win32\debug\jnulllayout.obj
c:\users\dynavideo\desktop\projects\jlibcpp\win32\win32\debug\jnullgraphics.obj
c:\users\dynavideo\desktop\projects\jlibcpp\win32\win32\debug\jmouselistener.obj
c:\users\dynavideo\desktop\projects\jlibcpp\win32\win32\debug\jmouseevent.obj
c:\users\dynavideo\desktop\projects\jlibcpp\win32\win32\debug\jmessagedialogbox.obj
c:\users\dynavideo\desktop\projects\jlibcpp\win32\win32\debug\jmenugroup.obj
c:\users\dynavideo\desktop\projects\jlibcpp\win32\win32\debug\jmenu.obj
c:\users\dynavideo\desktop\projects\jlibcpp\win32\win32\debug\jmarquee.obj
c:\users\dynavideo\desktop\projects\jlibcpp\win32\win32\debug\jlistbox.obj
c:\users\dynavideo\desktop\projects\jlibcpp\win32\win32\debug\jlayout.obj
c:\users\dynavideo\desktop\projects\jlibcpp\win32\win32\debug\jlabel.obj
c:\users\dynavideo\desktop\projects\jlibcpp\win32\win32\debug\jkeymap.obj
c:\users\dynavideo\desktop\projects\jlibcpp\win32\win32\debug\jkeylistener.obj
c:\users\dynavideo\desktop\projects\jlibcpp\win32\win32\debug\jkeyevent.obj
c:\users\dynavideo\desktop\projects\jlibcpp\win32\win32\debug\jkeyboardlistener.obj
c:\users\dynavideo\desktop\projects\jlibcpp\win32\win32\debug\jkeyboard.obj
c:\users\dynavideo\desktop\projects\jlibcpp\win32\win32\debug\jitemcomponent.obj
c:\users\dynavideo\desktop\projects\jlibcpp\win32\win32\debug\jinputmanager.obj
c:\users\dynavideo\desktop\projects\jlibcpp\win32\win32\debug\jinputdialogbox.obj
c:\users\dynavideo\desktop\projects\jlibcpp\win32\win32\debug\jindexedimage.obj
c:\users\dynavideo\desktop\projects\jlibcpp\win32\win32\debug\jthemelistener.obj
c:\users\dynavideo\desktop\projects\jlibcpp\win32\win32\debug\jthemeevent.obj
c:\users\dynavideo\desktop\projects\jlibcpp\win32\win32\debug\jtheme.obj
c:\users\dynavideo\desktop\projects\jlibcpp\win32\win32\debug\jtextlistener.obj
c:\users\dynavideo\desktop\projects\jlibcpp\win32\win32\debug\jtextfield.obj
c:\users\dynavideo\desktop\projects\jlibcpp\win32\win32\debug\jtextevent.obj
c:\users\dynavideo\desktop\projects\jlibcpp\win32\win32\debug\jtextdialogbox.obj
c:\users\dynavideo\desktop\projects\jlibcpp\win32\win32\debug\jtextcomponent.obj
c:\users\dynavideo\desktop\projects\jlibcpp\win32\win32\debug\jtextarea.obj
c:\users\dynavideo\desktop\projects\jlibcpp\win32\win32\debug\jtable.obj
c:\users\dynavideo\desktop\projects\jlibcpp\win32\win32\debug\jtabbedpane.obj
c:\users\dynavideo\desktop\projects\jlibcpp\win32\win32\debug\jspin.obj
c:\users\dynavideo\desktop\projects\jlibcpp\win32\win32\debug\jslidercomponent.obj
c:\users\dynavideo\desktop\projects\jlibcpp\win32\win32\debug\jslider.obj
c:\users\dynavideo\desktop\projects\jlibcpp\win32\win32\debug\jselectlistener.obj
c:\users\dynavideo\desktop\projects\jlibcpp\win32\win32\debug\jselectevent.obj
c:\users\dynavideo\desktop\projects\jlibcpp\win32\win32\debug\jscrollbar.obj
c:\users\dynavideo\desktop\projects\jlibcpp\win32\win32\debug\jrectangle.obj
c:\users\dynavideo\desktop\projects\jlibcpp\win32\win32\debug\jprogressbar.obj
c:\users\dynavideo\desktop\projects\jlibcpp\win32\win32\debug\jpanel.obj
c:\users\dynavideo\desktop\projects\jlibcpp\win32\win32\debug\jinputstream.obj
c:\users\dynavideo\desktop\projects\jlibcpp\win32\win32\debug\jfileoutputstream.obj
c:\users\dynavideo\desktop\projects\jlibcpp\win32\win32\debug\jfileinputstream.obj
c:\users\dynavideo\desktop\projects\jlibcpp\win32\win32\debug\jfileexception.obj
c:\users\dynavideo\desktop\projects\jlibcpp\win32\win32\debug\jfile.obj
c:\users\dynavideo\desktop\projects\jlibcpp\win32\win32\debug\jdataoutputstream.obj
c:\users\dynavideo\desktop\projects\jlibcpp\win32\win32\debug\jdatainputstream.obj
c:\users\dynavideo\desktop\projects\jlibcpp\win32\win32\debug\jchannel.obj
c:\users\dynavideo\desktop\projects\jlibcpp\win32\win32\debug\jbufferedreader.obj
c:\users\dynavideo\desktop\projects\jlibcpp\win32\win32\debug\jbitoutputstream.obj
c:\users\dynavideo\desktop\projects\jlibcpp\win32\win32\debug\jbitinputstream.obj
c:\users\dynavideo\desktop\projects\jlibcpp\win32\win32\debug\jyesnodialogbox.obj
c:\users\dynavideo\desktop\projects\jlibcpp\win32\win32\debug\jwindowmanager.obj
c:\users\dynavideo\desktop\projects\jlibcpp\win32\win32\debug\jwindowlistener.obj
c:\users\dynavideo\desktop\projects\jlibcpp\win32\win32\debug\jwindowevent.obj
c:\users\dynavideo\desktop\projects\jlibcpp\win32\win32\debug\jwindow.obj
c:\users\dynavideo\desktop\projects\jlibcpp\win32\win32\debug\jwatch.obj
c:\users\dynavideo\desktop\projects\jlibcpp\win32\win32\debug\jtree.obj
c:\users\dynavideo\desktop\projects\jlibcpp\win32\win32\debug\jtogglebutton.obj
c:\users\dynavideo\desktop\projects\jlibcpp\win32\win32\debug\jthememanager.obj
c:\users\dynavideo\desktop\projects\jlibcpp\win32\win32\debug\jremoteipcserver.obj
c:\users\dynavideo\desktop\projects\jlibcpp\win32\win32\debug\jremoteipcclient.obj
c:\users\dynavideo\desktop\projects\jlibcpp\win32\win32\debug\jremotecalllistener.obj
c:\users\dynavideo\desktop\projects\jlibcpp\win32\win32\debug\jmethod.obj
c:\users\dynavideo\desktop\projects\jlibcpp\win32\win32\debug\jipcserver.obj
c:\users\dynavideo\desktop\projects\jlibcpp\win32\win32\debug\jipchelper.obj
c:\users\dynavideo\desktop\projects\jlibcpp\win32\win32\debug\jipcexception.obj
c:\users\dynavideo\desktop\projects\jlibcpp\win32\win32\debug\jipcclient.obj
c:\users\dynavideo\desktop\projects\jlibcpp\win32\win32\debug\jserializable.obj
c:\users\dynavideo\desktop\projects\jlibcpp\win32\win32\debug\jprintstream.obj
c:\users\dynavideo\desktop\projects\jlibcpp\win32\win32\debug\jpipestream.obj
c:\users\dynavideo\desktop\projects\jlibcpp\win32\win32\debug\jpipeexception.obj
c:\users\dynavideo\desktop\projects\jlibcpp\win32\win32\debug\joutputstream.obj
c:\users\dynavideo\desktop\projects\jlibcpp\win32\win32\debug\jobjectoutputstream.obj
c:\users\dynavideo\desktop\projects\jlibcpp\win32\win32\debug\jobjectinputstream.obj
c:\users\dynavideo\desktop\projects\jlibcpp\win32\win32\debug\jmemoryoutputstream.obj
c:\users\dynavideo\desktop\projects\jlibcpp\win32\win32\debug\jmemoryinputstream.obj
c:\users\dynavideo\desktop\projects\jlibcpp\win32\win32\debug\jiolib.obj
c:\users\dynavideo\desktop\projects\jlibcpp\win32\win32\debug\jioexception.obj
c:\users\dynavideo\desktop\projects\jlibcpp\win32\win32\debug\jinterruptedioexception.obj
c:\users\dynavideo\desktop\projects\jlibcpp\win32\win32\debug\jmathlib.obj
c:\users\dynavideo\desktop\projects\jlibcpp\win32\win32\debug\jmath.obj
c:\users\dynavideo\desktop\projects\jlibcpp\win32\win32\debug\jcrc.obj
c:\users\dynavideo\desktop\projects\jlibcpp\win32\win32\debug\jcomplex.obj
c:\users\dynavideo\desktop\projects\jlibcpp\win32\win32\debug\jbase64.obj
c:\users\dynavideo\desktop\projects\jlibcpp\win32\win32\debug\jxmlformatter.obj
c:\users\dynavideo\desktop\projects\jlibcpp\win32\win32\debug\jstreamhandler.obj
c:\users\dynavideo\desktop\projects\jlibcpp\win32\win32\debug\jsockethandler.obj
c:\users\dynavideo\desktop\projects\jlibcpp\win32\win32\debug\jsimpleformatter.obj
c:\users\dynavideo\desktop\projects\jlibcpp\win32\win32\debug\jmemoryhandler.obj
c:\users\dynavideo\desktop\projects\jlibcpp\win32\win32\debug\jlogrecord.obj
c:\users\dynavideo\desktop\projects\jlibcpp\win32\win32\debug\jloggermanager.obj
c:\users\dynavideo\desktop\projects\jlibcpp\win32\win32\debug\jloggerlib.obj
c:\users\dynavideo\desktop\projects\jlibcpp\win32\win32\debug\jloggerexception.obj
c:\users\dynavideo\desktop\projects\jlibcpp\win32\win32\debug\jlogger.obj
c:\users\dynavideo\desktop\projects\jlibcpp\win32\win32\debug\jhandler.obj
c:\users\dynavideo\desktop\projects\jlibcpp\win32\win32\debug\jformatter.obj
c:\users\dynavideo\desktop\projects\jlibcpp\win32\win32\debug\jfilehandler.obj
c:\users\dynavideo\desktop\projects\jlibcpp\win32\win32\debug\jconsolehandler.obj
c:\users\dynavideo\desktop\projects\jlibcpp\win32\win32\debug\jresponse.obj
c:\users\dynavideo\desktop\projects\jlibcpp\win32\win32\debug\jaccesscontrol.obj
c:\users\dynavideo\desktop\projects\jlibcpp\win32\win32\debug\jresourcetypelistener.obj
c:\users\dynavideo\desktop\projects\jlibcpp\win32\win32\debug\jresourcetypeevent.obj
c:\users\dynavideo\desktop\projects\jlibcpp\win32\win32\debug\jresourcestatuslistener.obj
c:\users\dynavideo\desktop\projects\jlibcpp\win32\win32\debug\jresourcestatusevent.obj
c:\users\dynavideo\desktop\projects\jlibcpp\win32\win32\debug\jresourcelib.obj
c:\users\dynavideo\desktop\projects\jlibcpp\win32\win32\debug\jresourceexception.obj
c:\users\dynavideo\desktop\projects\jlibcpp\win32\win32\debug\jresource.obj
c:\users\dynavideo\desktop\projects\jlibcpp\win32\win32\debug\jtransportstreampacket.obj
c:\users\dynavideo\desktop\projects\jlibcpp\win32\win32\debug\jprogramsysteminformationsection.obj
c:\users\dynavideo\desktop\projects\jlibcpp\win32\win32\debug\jprogrammapsection.obj
c:\users\dynavideo\desktop\projects\jlibcpp\win32\win32\debug\jprogramelementarystreamsection.obj
c:\users\dynavideo\desktop\projects\jlibcpp\win32\win32\debug\jprogramassociationsection.obj
c:\users\dynavideo\desktop\projects\jlibcpp\win32\win32\debug\jmpeglib.obj
c:\users\dynavideo\desktop\projects\jlibcpp\win32\win32\debug\jmpegexception.obj
c:\users\dynavideo\desktop\projects\jlibcpp\win32\win32\debug\jadaptationfield.obj
c:\users\dynavideo\desktop\projects\jlibcpp\win32\win32\debug\jsha1.obj
c:\users\dynavideo\desktop\projects\jlibcpp\win32\win32\debug\jrandom.obj
c:\users\dynavideo\desktop\projects\jlibcpp\win32\win32\debug\jmd5.obj
c:\users\dynavideo\desktop\projects\jlibcpp\win32\win32\debug\jmatrix.obj
c:\users\dynavideo\desktop\projects\jlibcpp\win32\win32\debug\jsharedmutex.obj
c:\users\dynavideo\desktop\projects\jlibcpp\win32\win32\debug\jsharedmemory.obj
c:\users\dynavideo\desktop\projects\jlibcpp\win32\win32\debug\jsharedlib.obj
c:\users\dynavideo\desktop\projects\jlibcpp\win32\win32\debug\jschedule.obj
c:\users\dynavideo\desktop\projects\jlibcpp\win32\win32\debug\jqueueexception.obj
c:\users\dynavideo\desktop\projects\jlibcpp\win32\win32\debug\jprocessoutputstream.obj
c:\users\dynavideo\desktop\projects\jlibcpp\win32\win32\debug\jprocessinputstream.obj
c:\users\dynavideo\desktop\projects\jlibcpp\win32\win32\debug\jprocessexception.obj
c:\users\dynavideo\desktop\projects\jlibcpp\win32\win32\debug\jpipe.obj
c:\users\dynavideo\desktop\projects\jlibcpp\win32\win32\debug\jnamedpipe.obj
c:\users\dynavideo\desktop\projects\jlibcpp\win32\win32\debug\jmessagequeue.obj
c:\users\dynavideo\desktop\projects\jlibcpp\win32\win32\debug\jmessageexception.obj
c:\users\dynavideo\desktop\projects\jlibcpp\win32\win32\debug\jmemorymap.obj
c:\users\dynavideo\desktop\projects\jlibcpp\win32\win32\debug\jmemoryexception.obj
c:\users\dynavideo\desktop\projects\jlibcpp\win32\win32\debug\juser.obj
c:\users\dynavideo\desktop\projects\jlibcpp\win32\win32\debug\jsecuritymanager.obj
c:\users\dynavideo\desktop\projects\jlibcpp\win32\win32\debug\jsecuritylib.obj
c:\users\dynavideo\desktop\projects\jlibcpp\win32\win32\debug\jsecurityexception.obj
c:\users\dynavideo\desktop\projects\jlibcpp\win32\win32\debug\jgroup.obj
c:\users\dynavideo\desktop\projects\jlibcpp\win32\win32\debug\jfileaccesscontrol.obj
c:\users\dynavideo\desktop\projects\jlibcpp\win32\win32\debug\jsocketoutputstream.obj
c:\users\dynavideo\desktop\projects\jlibcpp\win32\win32\debug\jsocketoptionsexception.obj
c:\users\dynavideo\desktop\projects\jlibcpp\win32\win32\debug\jsocketoptions.obj
c:\users\dynavideo\desktop\projects\jlibcpp\win32\win32\debug\jsocketlib.obj
c:\users\dynavideo\desktop\projects\jlibcpp\win32\win32\debug\jsocketinputstream.obj
c:\users\dynavideo\desktop\projects\jlibcpp\win32\win32\debug\jsocketexception.obj
c:\users\dynavideo\desktop\projects\jlibcpp\win32\win32\debug\jsocket.obj
c:\users\dynavideo\desktop\projects\jlibcpp\win32\win32\debug\jserversocket6.obj
c:\users\dynavideo\desktop\projects\jlibcpp\win32\win32\debug\jserversocket.obj
c:\users\dynavideo\desktop\projects\jlibcpp\win32\win32\debug\jnetworkinterface.obj
c:\users\dynavideo\desktop\projects\jlibcpp\win32\win32\debug\jmulticastsocket6.obj
c:\users\dynavideo\desktop\projects\jlibcpp\win32\win32\debug\jmulticastsocket.obj
c:\users\dynavideo\desktop\projects\jlibcpp\win32\win32\debug\jinetaddress4.obj
c:\users\dynavideo\desktop\projects\jlibcpp\win32\win32\debug\jinetaddress.obj
c:\users\dynavideo\desktop\projects\jlibcpp\win32\win32\debug\jhttprequester.obj
c:\users\dynavideo\desktop\projects\jlibcpp\win32\win32\debug\jdatagramsocket6.obj
c:\users\dynavideo\desktop\projects\jlibcpp\win32\win32\debug\jdatagramsocket.obj
c:\users\dynavideo\desktop\projects\jlibcpp\win32\win32\debug\jconnectionpipe.obj
c:\users\dynavideo\desktop\projects\jlibcpp\win32\win32\debug\jconnection.obj
c:\users\dynavideo\desktop\projects\jlibcpp\win32\win32\debug\jsharedqueue.obj
c:\users\dynavideo\desktop\projects\jlibcpp\win32\win32\debug\jthread.obj
c:\users\dynavideo\desktop\projects\jlibcpp\win32\win32\debug\jspinlock.obj
c:\users\dynavideo\desktop\projects\jlibcpp\win32\win32\debug\jsemaphoretimeoutexception.obj
c:\users\dynavideo\desktop\projects\jlibcpp\win32\win32\debug\jsemaphoreexception.obj
c:\users\dynavideo\desktop\projects\jlibcpp\win32\win32\debug\jsemaphore.obj
c:\users\dynavideo\desktop\projects\jlibcpp\win32\win32\debug\jrunnable.obj
c:\users\dynavideo\desktop\projects\jlibcpp\win32\win32\debug\jmutexexception.obj
c:\users\dynavideo\desktop\projects\jlibcpp\win32\win32\debug\jmutex.obj
c:\users\dynavideo\desktop\projects\jlibcpp\win32\win32\debug\jmonitor.obj
c:\users\dynavideo\desktop\projects\jlibcpp\win32\win32\debug\jinterruptedexception.obj
c:\users\dynavideo\desktop\projects\jlibcpp\win32\win32\debug\jindexedbuffer.obj
c:\users\dynavideo\desktop\projects\jlibcpp\win32\win32\debug\jillegalstateexception.obj
c:\users\dynavideo\desktop\projects\jlibcpp\win32\win32\debug\jfifomutex.obj
c:\users\dynavideo\desktop\projects\jlibcpp\win32\win32\debug\jevent.obj
c:\users\dynavideo\desktop\projects\jlibcpp\win32\win32\debug\jcountdownlatch.obj
c:\users\dynavideo\desktop\projects\jlibcpp\win32\win32\debug\jcondition.obj
c:\users\dynavideo\desktop\projects\jlibcpp\win32\win32\debug\jbufferexception.obj
c:\users\dynavideo\desktop\projects\jlibcpp\win32\win32\debug\jautolock.obj
c:\users\dynavideo\desktop\projects\jlibcpp\win32\win32\debug\junknownhostexception.obj
c:\users\dynavideo\desktop\projects\jlibcpp\win32\win32\debug\jsockettimeoutexception.obj
c:\users\dynavideo\desktop\projects\jlibcpp\win32\win32\debug\jtimer.obj
c:\users\dynavideo\desktop\projects\jlibcpp\win32\win32\debug\jthreadpool.obj
c:\users\dynavideo\desktop\projects\jlibcpp\win32\win32\debug\jthreadlib.obj
c:\users\dynavideo\desktop\projects\jlibcpp\win32\win32\debug\jthreadgroup.obj
c:\users\dynavideo\desktop\projects\jlibcpp\win32\win32\debug\jthreadexception.obj
c:\users\dynavideo\desktop\projects\jlibcpp\win32\win32\debug\.netframework,version=v4.5.assemblyattributes.obj
c:\users\dynavideo\desktop\projects\jlibcpp\win32\debug\win32.pdb
c:\users\dynavideo\desktop\projects\jlibcpp\win32\win32\debug\win32.tlog\cl.command.1.tlog
c:\users\dynavideo\desktop\projects\jlibcpp\win32\win32\debug\win32.tlog\cl.read.1.tlog
c:\users\dynavideo\desktop\projects\jlibcpp\win32\win32\debug\win32.tlog\cl.write.1.tlog
c:\users\dynavideo\desktop\projects\jlibcpp\win32\win32\debug\win32.tlog\link.1944-cvtres.read.1.tlog
c:\users\dynavideo\desktop\projects\jlibcpp\win32\win32\debug\win32.tlog\link.1944-cvtres.write.1.tlog
c:\users\dynavideo\desktop\projects\jlibcpp\win32\win32\debug\win32.tlog\link.1944-rc.read.1.tlog
c:\users\dynavideo\desktop\projects\jlibcpp\win32\win32\debug\win32.tlog\link.1944-rc.write.1.tlog
c:\users\dynavideo\desktop\projects\jlibcpp\win32\win32\debug\win32.tlog\link.1944.read.1.tlog
c:\users\dynavideo\desktop\projects\jlibcpp\win32\win32\debug\win32.tlog\link.1944.write.1.tlog
c:\users\dynavideo\desktop\projects\jlibcpp\win32\win32\debug\win32.tlog\link.command.1.tlog
c:\users\dynavideo\desktop\projects\jlibcpp\win32\win32\debug\win32.tlog\link.read.1.tlog
c:\users\dynavideo\desktop\projects\jlibcpp\win32\win32\debug\win32.tlog\link.write.1.tlog
c:\users\dynavideo\desktop\projects\jlibcpp\win32\win32\debug\win32.tlog\metagen.read.1.tlog
c:\users\dynavideo\desktop\projects\jlibcpp\win32\win32\debug\win32.tlog\metagen.write.1.tlog
c:\users\dynavideo\desktop\projects\jlibcpp\win32\win32\debug\win32.tlog\rsaenh.dll.bi
c:\users\dynavideo\desktop\projects\jlibcpp\win32\win32\debug\win32.tlog\tzres.dll.bi
